# JRE version: Java(TM) SE Runtime Environment (20.0.1+9) (build 20.0.1+9-29)
# Java VM: Java HotSpot(TM) 64-Bit Server VM (20.0.1+9-29, mixed mode, sharing, tiered, compressed oops, compressed class ptrs, g1 gc, windows-amd64)
GC Precious Log:
 CardTable entry size: 512
 Card Set container configuration: InlinePtr #cards 5 size 8 Array Of Cards #cards 12 size 40 Howl #buckets 4 coarsen threshold 1843 Howl Bitmap #cards 512 size 80 coarsen threshold 460 Card regions per heap region 1 cards per card region 2048
 CPUs: 4 total, 4 available
 Memory: 8064M
 Large Page Support: Disabled
 NUMA Support: Disabled
 Compressed Oops: Enabled (32-bit)
 Heap Region Size: 1M
 Heap Min Capacity: 8M
 Heap Initial Capacity: 128M
 Heap Max Capacity: 2018M
 Pre-touch: Disabled
 Parallel Workers: 4
 Concurrent Workers: 1
 Concurrent Refinement Workers: 4
 Periodic GC: Disabled
Heap:
 garbage-first heap   total 90112K, used 50167K [0x0000000081e00000, 0x0000000100000000)
  region size 1024K, 2 young (2048K), 1 survivors (1024K)
 Metaspace       used 30452K, committed 31040K, reserved 1114112K
  class space    used 3312K, committed 3584K, reserved 1048576K
GC Heap History (20 events):
Event: 16.207 GC heap before
{Heap before GC invocations=10 (full 0):
 garbage-first heap   total 65536K, used 53645K [0x0000000081e00000, 0x0000000100000000)
  region size 1024K, 20 young (20480K), 3 survivors (3072K)
 Metaspace       used 25668K, committed 26112K, reserved 1114112K
  class space    used 2788K, committed 3008K, reserved 1048576K
}
Event: 16.217 GC heap after
{Heap after GC invocations=11 (full 0):
 garbage-first heap   total 65536K, used 37888K [0x0000000081e00000, 0x0000000100000000)
  region size 1024K, 1 young (1024K), 1 survivors (1024K)
 Metaspace       used 25668K, committed 26112K, reserved 1114112K
  class space    used 2788K, committed 3008K, reserved 1048576K
}
Event: 17.012 GC heap before
{Heap before GC invocations=11 (full 0):
 garbage-first heap   total 65536K, used 55296K [0x0000000081e00000, 0x0000000100000000)
  region size 1024K, 19 young (19456K), 1 survivors (1024K)
 Metaspace       used 26695K, committed 27200K, reserved 1114112K
  class space    used 2897K, committed 3136K, reserved 1048576K
}
Event: 17.019 GC heap after
{Heap after GC invocations=12 (full 0):
 garbage-first heap   total 65536K, used 38195K [0x0000000081e00000, 0x0000000100000000)
  region size 1024K, 2 young (2048K), 2 survivors (2048K)
 Metaspace       used 26695K, committed 27200K, reserved 1114112K
  class space    used 2897K, committed 3136K, reserved 1048576K
}
Event: 17.432 GC heap before
{Heap before GC invocations=12 (full 0):
 garbage-first heap   total 65536K, used 56627K [0x0000000081e00000, 0x0000000100000000)
  region size 1024K, 21 young (21504K), 2 survivors (2048K)
 Metaspace       used 27006K, committed 27584K, reserved 1114112K
  class space    used 2936K, committed 3200K, reserved 1048576K
}
Event: 17.438 GC heap after
{Heap after GC invocations=13 (full 0):
 garbage-first heap   total 65536K, used 38421K [0x0000000081e00000, 0x0000000100000000)
  region size 1024K, 2 young (2048K), 2 survivors (2048K)
 Metaspace       used 27006K, committed 27584K, reserved 1114112K
  class space    used 2936K, committed 3200K, reserved 1048576K
}
Event: 18.218 GC heap before
{Heap before GC invocations=14 (full 0):
 garbage-first heap   total 66560K, used 58901K [0x0000000081e00000, 0x0000000100000000)
  region size 1024K, 22 young (22528K), 2 survivors (2048K)
 Metaspace       used 27231K, committed 27776K, reserved 1114112K
  class space    used 2940K, committed 3200K, reserved 1048576K
}
Event: 18.226 GC heap after
{Heap after GC invocations=15 (full 0):
 garbage-first heap   total 66560K, used 38519K [0x0000000081e00000, 0x0000000100000000)
  region size 1024K, 2 young (2048K), 2 survivors (2048K)
 Metaspace       used 27231K, committed 27776K, reserved 1114112K
  class space    used 2940K, committed 3200K, reserved 1048576K
}
Event: 19.038 GC heap before
{Heap before GC invocations=15 (full 0):
 garbage-first heap   total 66560K, used 58999K [0x0000000081e00000, 0x0000000100000000)
  region size 1024K, 23 young (23552K), 2 survivors (2048K)
 Metaspace       used 28233K, committed 28736K, reserved 1114112K
  class space    used 3045K, committed 3264K, reserved 1048576K
}
Event: 19.049 GC heap after
{Heap after GC invocations=16 (full 0):
 garbage-first heap   total 66560K, used 38471K [0x0000000081e00000, 0x0000000100000000)
  region size 1024K, 2 young (2048K), 2 survivors (2048K)
 Metaspace       used 28233K, committed 28736K, reserved 1114112K
  class space    used 3045K, committed 3264K, reserved 1048576K
}
Event: 19.869 GC heap before
{Heap before GC invocations=16 (full 0):
 garbage-first heap   total 66560K, used 47687K [0x0000000081e00000, 0x0000000100000000)
  region size 1024K, 12 young (12288K), 2 survivors (2048K)
 Metaspace       used 28963K, committed 29568K, reserved 1114112K
  class space    used 3152K, committed 3392K, reserved 1048576K
}
Event: 19.880 GC heap after
{Heap after GC invocations=17 (full 0):
 garbage-first heap   total 79872K, used 38842K [0x0000000081e00000, 0x0000000100000000)
  region size 1024K, 3 young (3072K), 3 survivors (3072K)
 Metaspace       used 28963K, committed 29568K, reserved 1114112K
  class space    used 3152K, committed 3392K, reserved 1048576K
}
Event: 20.185 GC heap before
{Heap before GC invocations=17 (full 0):
 garbage-first heap   total 79872K, used 46010K [0x0000000081e00000, 0x0000000100000000)
  region size 1024K, 11 young (11264K), 3 survivors (3072K)
 Metaspace       used 28988K, committed 29568K, reserved 1114112K
  class space    used 3153K, committed 3392K, reserved 1048576K
}
Event: 20.196 GC heap after
{Heap after GC invocations=18 (full 0):
 garbage-first heap   total 79872K, used 39401K [0x0000000081e00000, 0x0000000100000000)
  region size 1024K, 3 young (3072K), 3 survivors (3072K)
 Metaspace       used 28988K, committed 29568K, reserved 1114112K
  class space    used 3153K, committed 3392K, reserved 1048576K
}
Event: 20.917 GC heap before
{Heap before GC invocations=19 (full 0):
 garbage-first heap   total 79872K, used 72169K [0x0000000081e00000, 0x0000000100000000)
  region size 1024K, 34 young (34816K), 3 survivors (3072K)
 Metaspace       used 29029K, committed 29568K, reserved 1114112K
  class space    used 3154K, committed 3392K, reserved 1048576K
}
Event: 20.942 GC heap after
{Heap after GC invocations=20 (full 0):
 garbage-first heap   total 90112K, used 55174K [0x0000000081e00000, 0x0000000100000000)
  region size 1024K, 5 young (5120K), 5 survivors (5120K)
 Metaspace       used 29029K, committed 29568K, reserved 1114112K
  class space    used 3154K, committed 3392K, reserved 1048576K
}
Event: 21.911 GC heap before
{Heap before GC invocations=20 (full 0):
 garbage-first heap   total 90112K, used 77702K [0x0000000081e00000, 0x0000000100000000)
  region size 1024K, 28 young (28672K), 5 survivors (5120K)
 Metaspace       used 29746K, committed 30400K, reserved 1114112K
  class space    used 3240K, committed 3520K, reserved 1048576K
}
Event: 21.925 GC heap after
{Heap after GC invocations=21 (full 0):
 garbage-first heap   total 90112K, used 50649K [0x0000000081e00000, 0x0000000100000000)
  region size 1024K, 3 young (3072K), 3 survivors (3072K)
 Metaspace       used 29746K, committed 30400K, reserved 1114112K
  class space    used 3240K, committed 3520K, reserved 1048576K
}
Event: 23.052 GC heap before
{Heap before GC invocations=21 (full 0):
 garbage-first heap   total 90112K, used 75225K [0x0000000081e00000, 0x0000000100000000)
  region size 1024K, 28 young (28672K), 3 survivors (3072K)
 Metaspace       used 30452K, committed 31040K, reserved 1114112K
  class space    used 3312K, committed 3584K, reserved 1048576K
}
Event: 23.060 GC heap after
{Heap after GC invocations=22 (full 0):
 garbage-first heap   total 90112K, used 50167K [0x0000000081e00000, 0x0000000100000000)
  region size 1024K, 1 young (1024K), 1 survivors (1024K)
 Metaspace       used 30452K, committed 31040K, reserved 1114112K
  class space    used 3312K, committed 3584K, reserved 1048576K
}

